::1 - - [16/May/2020:04:54:54 +0000] "GET / HTTP/1.1" 302 62 "http://localhost:8000/products" "Mozilla/5.0 (Windows NT 10.0; Win64; x64) AppleWebKit/537.36 (KHTML, like Gecko) Chrome/81.0.4044.138 Safari/537.36"
::1 - - [16/May/2020:04:54:54 +0000] "GET /products HTTP/1.1" 200 - "http://localhost:8000/products" "Mozilla/5.0 (Windows NT 10.0; Win64; x64) AppleWebKit/537.36 (KHTML, like Gecko) Chrome/81.0.4044.138 Safari/537.36"
::1 - - [16/May/2020:04:54:54 +0000] "GET /css/header.css HTTP/1.1" 304 - "http://localhost:8000/products" "Mozilla/5.0 (Windows NT 10.0; Win64; x64) AppleWebKit/537.36 (KHTML, like Gecko) Chrome/81.0.4044.138 Safari/537.36"
::1 - - [16/May/2020:04:54:54 +0000] "GET /css/shop.css HTTP/1.1" 304 - "http://localhost:8000/products" "Mozilla/5.0 (Windows NT 10.0; Win64; x64) AppleWebKit/537.36 (KHTML, like Gecko) Chrome/81.0.4044.138 Safari/537.36"
::1 - - [16/May/2020:04:54:54 +0000] "GET /css/pagination.css HTTP/1.1" 304 - "http://localhost:8000/products" "Mozilla/5.0 (Windows NT 10.0; Win64; x64) AppleWebKit/537.36 (KHTML, like Gecko) Chrome/81.0.4044.138 Safari/537.36"
::1 - - [16/May/2020:04:54:54 +0000] "GET /js/toggle-menu.js HTTP/1.1" 304 - "http://localhost:8000/products" "Mozilla/5.0 (Windows NT 10.0; Win64; x64) AppleWebKit/537.36 (KHTML, like Gecko) Chrome/81.0.4044.138 Safari/537.36"
::1 - - [16/May/2020:04:54:54 +0000] "GET /1589534763410.jpeg HTTP/1.1" 304 - "http://localhost:8000/products" "Mozilla/5.0 (Windows NT 10.0; Win64; x64) AppleWebKit/537.36 (KHTML, like Gecko) Chrome/81.0.4044.138 Safari/537.36"
::1 - - [16/May/2020:04:54:54 +0000] "GET /1589534828279.jpeg HTTP/1.1" 304 - "http://localhost:8000/products" "Mozilla/5.0 (Windows NT 10.0; Win64; x64) AppleWebKit/537.36 (KHTML, like Gecko) Chrome/81.0.4044.138 Safari/537.36"
::1 - - [16/May/2020:04:54:54 +0000] "GET /1589534861744.jpeg HTTP/1.1" 304 - "http://localhost:8000/products" "Mozilla/5.0 (Windows NT 10.0; Win64; x64) AppleWebKit/537.36 (KHTML, like Gecko) Chrome/81.0.4044.138 Safari/537.36"
::1 - - [16/May/2020:04:54:54 +0000] "GET /1589534896337.jpeg HTTP/1.1" 304 - "http://localhost:8000/products" "Mozilla/5.0 (Windows NT 10.0; Win64; x64) AppleWebKit/537.36 (KHTML, like Gecko) Chrome/81.0.4044.138 Safari/537.36"
::1 - - [16/May/2020:04:54:54 +0000] "GET /1589534933882.jpeg HTTP/1.1" 304 - "http://localhost:8000/products" "Mozilla/5.0 (Windows NT 10.0; Win64; x64) AppleWebKit/537.36 (KHTML, like Gecko) Chrome/81.0.4044.138 Safari/537.36"
::1 - - [16/May/2020:04:54:54 +0000] "GET /1589534985254.png HTTP/1.1" 304 - "http://localhost:8000/products" "Mozilla/5.0 (Windows NT 10.0; Win64; x64) AppleWebKit/537.36 (KHTML, like Gecko) Chrome/81.0.4044.138 Safari/537.36"
::1 - - [16/May/2020:04:55:36 +0000] "GET /products HTTP/1.1" 200 - "http://localhost:8000/products" "Mozilla/5.0 (Windows NT 10.0; Win64; x64) AppleWebKit/537.36 (KHTML, like Gecko) Chrome/81.0.4044.138 Safari/537.36"
::1 - - [16/May/2020:04:55:36 +0000] "GET /css/header.css HTTP/1.1" 304 - "http://localhost:8000/products" "Mozilla/5.0 (Windows NT 10.0; Win64; x64) AppleWebKit/537.36 (KHTML, like Gecko) Chrome/81.0.4044.138 Safari/537.36"
::1 - - [16/May/2020:04:55:36 +0000] "GET /css/shop.css HTTP/1.1" 304 - "http://localhost:8000/products" "Mozilla/5.0 (Windows NT 10.0; Win64; x64) AppleWebKit/537.36 (KHTML, like Gecko) Chrome/81.0.4044.138 Safari/537.36"
::1 - - [16/May/2020:04:55:36 +0000] "GET /css/pagination.css HTTP/1.1" 304 - "http://localhost:8000/products" "Mozilla/5.0 (Windows NT 10.0; Win64; x64) AppleWebKit/537.36 (KHTML, like Gecko) Chrome/81.0.4044.138 Safari/537.36"
::1 - - [16/May/2020:04:55:36 +0000] "GET /js/toggle-menu.js HTTP/1.1" 304 - "http://localhost:8000/products" "Mozilla/5.0 (Windows NT 10.0; Win64; x64) AppleWebKit/537.36 (KHTML, like Gecko) Chrome/81.0.4044.138 Safari/537.36"
::1 - - [16/May/2020:04:55:36 +0000] "GET /1589534763410.jpeg HTTP/1.1" 304 - "http://localhost:8000/products" "Mozilla/5.0 (Windows NT 10.0; Win64; x64) AppleWebKit/537.36 (KHTML, like Gecko) Chrome/81.0.4044.138 Safari/537.36"
::1 - - [16/May/2020:04:55:36 +0000] "GET /1589534828279.jpeg HTTP/1.1" 304 - "http://localhost:8000/products" "Mozilla/5.0 (Windows NT 10.0; Win64; x64) AppleWebKit/537.36 (KHTML, like Gecko) Chrome/81.0.4044.138 Safari/537.36"
::1 - - [16/May/2020:04:55:36 +0000] "GET /1589534861744.jpeg HTTP/1.1" 304 - "http://localhost:8000/products" "Mozilla/5.0 (Windows NT 10.0; Win64; x64) AppleWebKit/537.36 (KHTML, like Gecko) Chrome/81.0.4044.138 Safari/537.36"
::1 - - [16/May/2020:04:55:36 +0000] "GET /1589534896337.jpeg HTTP/1.1" 304 - "http://localhost:8000/products" "Mozilla/5.0 (Windows NT 10.0; Win64; x64) AppleWebKit/537.36 (KHTML, like Gecko) Chrome/81.0.4044.138 Safari/537.36"
::1 - - [16/May/2020:04:55:36 +0000] "GET /1589534933882.jpeg HTTP/1.1" 304 - "http://localhost:8000/products" "Mozilla/5.0 (Windows NT 10.0; Win64; x64) AppleWebKit/537.36 (KHTML, like Gecko) Chrome/81.0.4044.138 Safari/537.36"
::1 - - [16/May/2020:04:55:36 +0000] "GET /1589534985254.png HTTP/1.1" 304 - "http://localhost:8000/products" "Mozilla/5.0 (Windows NT 10.0; Win64; x64) AppleWebKit/537.36 (KHTML, like Gecko) Chrome/81.0.4044.138 Safari/537.36"
